time="2026-02-26T17:38:25+02:00" level=info msg="starting server on localhost:8080" component=api-server
time="2026-02-26T17:38:26+02:00" level=info msg="shutdown signal received..." component=api-server
time="2026-02-26T17:39:59+02:00" level=info msg="starting server on localhost:8080" component=api-server
time="2026-02-26T17:40:19+02:00" level=info msg="shutdown signal received..." component=api-server
time="2026-02-26T17:40:20+02:00" level=info msg="starting server on localhost:8080" component=api-server
time="2026-02-26T17:43:17+02:00" level=info msg="shutdown signal received..." component=api-server
time="2026-02-26T17:43:18+02:00" level=info msg="starting server on localhost:8080" component=api-server
time="2026-02-26T17:43:25+02:00" level=info msg="127.0.0.1 - Thu, 26 Feb 2026 17:43:25 EET [GET] \"/users HTTP/1.1 %!s(int=200)\" 267549 " component=api-server
time="2026-02-26T17:43:25+02:00" level=info msg="127.0.0.1 - Thu, 26 Feb 2026 17:43:25 EET [GET] \"/favicon.ico HTTP/1.1 %!s(int=404)\" 76 " component=api-server
time="2026-02-26T17:45:02+02:00" level=info msg="shutdown signal received..." component=api-server
time="2026-02-26T17:45:03+02:00" level=info msg="starting server on localhost:8080" component=api-server
time="2026-02-26T17:45:04+02:00" level=info msg="127.0.0.1 - Thu, 26 Feb 2026 17:45:04 EET [GET] \"/users HTTP/1.1 %!s(int=200)\" 217002 " component=api-server
time="2026-02-26T17:55:44+02:00" level=info msg="shutdown signal received..." component=api-server
time="2026-02-26T17:55:53+02:00" level=info msg="starting server on localhost:8080" component=api-server
time="2026-02-26T17:55:57+02:00" level=info msg="shutdown signal received..." component=api-server
time="2026-02-26T18:02:24+02:00" level=info msg="starting server on localhost:8080" component=api-server
time="2026-02-26T18:02:27+02:00" level=info msg="shutdown signal received..." component=api-server
time="2026-02-26T18:02:28+02:00" level=info msg="starting server on localhost:8080" component=api-server
time="2026-02-26T18:06:56+02:00" level=info msg="shutdown signal received..." component=api-server
time="2026-02-26T18:07:34+02:00" level=info msg="starting server on localhost:8080" component=api-server
time="2026-02-26T18:13:50+02:00" level=info msg="shutdown signal received..." component=api-server
time="2026-02-26T18:13:52+02:00" level=info msg="starting server on localhost:8080" component=api-server
time="2026-02-26T18:17:42+02:00" level=info msg="shutdown signal received..." component=api-server
time="2026-02-26T18:17:44+02:00" level=info msg="starting server on localhost:8080" component=api-server
time="2026-02-26T18:22:55+02:00" level=info msg="shutdown signal received..." component=api-server
time="2026-02-26T18:22:58+02:00" level=info msg="starting server on localhost:8080" component=api-server
time="2026-02-26T18:26:30+02:00" level=info msg="shutdown signal received..." component=api-server
time="2026-02-26T18:26:32+02:00" level=info msg="starting server on localhost:8080" component=api-server
time="2026-02-26T18:27:26+02:00" level=info msg="shutdown signal received..." component=api-server
time="2026-02-26T18:29:31+02:00" level=info msg="starting server on localhost:8080" component=api-server
time="2026-02-26T18:29:32+02:00" level=info msg="127.0.0.1 - Thu, 26 Feb 2026 18:29:32 EET \"GET /ws/backend HTTP/1.1\" 401 45.152µs " component=api-server
time="2026-02-26T18:29:33+02:00" level=info msg="127.0.0.1 - Thu, 26 Feb 2026 18:29:33 EET \"GET /ws/backend HTTP/1.1\" 401 51.176µs " component=api-server
time="2026-02-26T18:31:12+02:00" level=info msg="starting server on localhost:8080" component=api-server
time="2026-02-26T18:31:12+02:00" level=error msg="failed to start server: listen tcp 127.0.0.1:8080: bind: address already in use" component=api-server
time="2026-02-26T18:31:16+02:00" level=info msg="shutdown signal received..." component=api-server
time="2026-02-26T18:31:27+02:00" level=info msg="starting server on localhost:8080" component=api-server
time="2026-02-26T18:31:27+02:00" level=error msg="failed to start server: listen tcp 127.0.0.1:8080: bind: address already in use" component=api-server
time="2026-02-26T18:31:37+02:00" level=info msg="shutdown signal received..." component=api-server
time="2026-02-26T18:32:27+02:00" level=info msg="starting server on localhost:8080" component=api-server
time="2026-02-26T18:32:27+02:00" level=error msg="failed to start server: listen tcp 127.0.0.1:8080: bind: address already in use" component=api-server
time="2026-02-26T18:33:07+02:00" level=info msg="shutdown signal received..." component=api-server
